    ======  ======
    Time:12/20/2017 2:48:14 PM
    Title: Initiate log
    Message: 
    Time:12/20/2017 2:48:14 PM
    Title: Initiate InternalManager
    Message: Trying to Validate License
    Time:12/20/2017 2:48:14 PM
    Title: Requesting EVT
    Message: EVTP
    Time:12/20/2017 2:48:14 PM
    Title: Requesting Validation
    Message: ILMValidate
    Time:12/20/2017 2:48:15 PM
    Title: LICENSER
    Message: TRL MODE
    Time:12/20/2017 2:48:15 PM
    Title: LICENSER
    Message: DS LEFT-377
    Time:12/20/2017 2:48:15 PM
    Title: LICENSER
    Message: DT MARK PASSED-377.00:00:00
    Time:12/20/2017 2:48:15 PM
    Title: ILMValidate action
    Message: LIC
    Time:12/20/2017 2:48:17 PM
    Title: Access to the path 'C:\ProgramData\Telerik\Hash.lic' is denied.
    Message:    at System.IO.__Error.WinIOError(Int32 errorCode, String maybeFullPath)
   at System.IO.FileStream.Init(String path, FileMode mode, FileAccess access, Int32 rights, Boolean useRights, FileShare share, Int32 bufferSize, FileOptions options, SECURITY_ATTRIBUTES secAttrs, String msgPath, Boolean bFromProxy, Boolean useLongPath, Boolean checkHost)
   at System.IO.FileStream..ctor(String path, FileMode mode, FileAccess access, FileShare share)
   at Telerik.Licensing.Licenser.ReadHashPass()
    Time:12/20/2017 2:48:17 PM
    Title: LICENSER - TGO
    Message: Start
    Time:12/20/2017 2:48:20 PM
    Title: LICENSER - TGO
    Message: Object reference not set to an instance of an object.
    Entering constructor for: Telerik.CommonPackage.Telerik_CommonPackagePackage
    Entering Initialize() of: Telerik.CommonPackage.Telerik_CommonPackagePackage
    Feature 'Xamarin Test Cloud Integration' is enabled for the current VSIX Xamarin.VisualStudio (4.2.695)
